<?xml version="1.0" encoding="UTF-8"?>
<!-- Generated by org.testng.reporters.JUnitXMLReporter -->
<testsuite hostname="DESKTOP-0M1MH5T" ignored="0" name="LinkedinTest" tests="9" failures="0" timestamp="2022-03-30T08:27:16 IST" time="86.855" errors="0">
  <testcase name="doLoginTest" time="20.989" classname="com.qa.linkedin.testcases.SearchDataDrivenTest"/>
  <testcase name="dosearchPeopleTest" time="5.397" classname="com.qa.linkedin.testcases.SearchDataDrivenTest"/>
  <testcase name="dosearchPeopleTest" time="6.239" classname="com.qa.linkedin.testcases.SearchDataDrivenTest"/>
  <testcase name="dosearchPeopleTest" time="5.759" classname="com.qa.linkedin.testcases.SearchDataDrivenTest"/>
  <testcase name="dosearchPeopleTest" time="6.781" classname="com.qa.linkedin.testcases.SearchDataDrivenTest"/>
  <testcase name="dosearchPeopleTest" time="23.442" classname="com.qa.linkedin.testcases.SearchDataDrivenTest"/>
  <testcase name="dosearchPeopleTest" time="5.232" classname="com.qa.linkedin.testcases.SearchDataDrivenTest"/>
  <testcase name="dosearchPeopleTest" time="4.346" classname="com.qa.linkedin.testcases.SearchDataDrivenTest"/>
  <testcase name="dosearchPeopleTest" time="3.905" classname="com.qa.linkedin.testcases.SearchDataDrivenTest"/>
</testsuite> <!-- LinkedinTest -->
